INFO - 2023-11-08 21:35:22 --> Session: Class initialized using 'CodeIgniter\Session\Handlers\FileHandler' driver.
INFO - 2023-11-08 21:35:23 --> Session: Class initialized using 'CodeIgniter\Session\Handlers\FileHandler' driver.
INFO - 2023-11-08 21:35:25 --> Session: Class initialized using 'CodeIgniter\Session\Handlers\FileHandler' driver.
INFO - 2023-11-08 21:35:26 --> Session: Class initialized using 'CodeIgniter\Session\Handlers\FileHandler' driver.
INFO - 2023-11-08 21:35:27 --> Session: Class initialized using 'CodeIgniter\Session\Handlers\FileHandler' driver.
INFO - 2023-11-08 21:35:35 --> Session: Class initialized using 'CodeIgniter\Session\Handlers\FileHandler' driver.
INFO - 2023-11-08 21:48:28 --> Session: Class initialized using 'CodeIgniter\Session\Handlers\FileHandler' driver.
INFO - 2023-11-08 21:48:28 --> Session: Class initialized using 'CodeIgniter\Session\Handlers\FileHandler' driver.
INFO - 2023-11-08 21:48:37 --> Session: Class initialized using 'CodeIgniter\Session\Handlers\FileHandler' driver.
ERROR - 2023-11-08 21:48:41 --> Error connecting to the database: mysqli_sql_exception: No se puede establecer una conexión ya que el equipo de destino denegó expresamente dicha conexión in C:\xampp\htdocs\Disertus\system\Database\MySQLi\Connection.php:174
Stack trace:
#0 C:\xampp\htdocs\Disertus\system\Database\MySQLi\Connection.php(174): mysqli->real_connect('localhost', 'root', '', 'disertus', 3306, '', 0)
#1 C:\xampp\htdocs\Disertus\system\Database\BaseConnection.php(391): CodeIgniter\Database\MySQLi\Connection->connect(false)
#2 C:\xampp\htdocs\Disertus\system\Database\BaseConnection.php(574): CodeIgniter\Database\BaseConnection->initialize()
#3 C:\xampp\htdocs\Disertus\app\Models\sessionModelo.php(20): CodeIgniter\Database\BaseConnection->query('SELECT Expiraci...')
#4 C:\xampp\htdocs\Disertus\app\Controllers\utils.php(16): App\Models\SessionModelo->fechaExpiracion('nhLl1uovD5CG?Ml...')
#5 C:\xampp\htdocs\Disertus\app\Controllers\estadisticas.php(12): App\Controllers\Utils->token()
#6 C:\xampp\htdocs\Disertus\system\CodeIgniter.php(934): App\Controllers\Estadisticas->cargarEst()
#7 C:\xampp\htdocs\Disertus\system\CodeIgniter.php(499): CodeIgniter\CodeIgniter->runController(Object(App\Controllers\Estadisticas))
#8 C:\xampp\htdocs\Disertus\system\CodeIgniter.php(368): CodeIgniter\CodeIgniter->handleRequest(NULL, Object(Config\Cache), false)
#9 C:\xampp\htdocs\Disertus\public\index.php(67): CodeIgniter\CodeIgniter->run()
#10 {main}

Next CodeIgniter\Database\Exceptions\DatabaseException: No se puede establecer una conexión ya que el equipo de destino denegó expresamente dicha conexión in C:\xampp\htdocs\Disertus\system\Database\MySQLi\Connection.php:218
Stack trace:
#0 C:\xampp\htdocs\Disertus\system\Database\BaseConnection.php(391): CodeIgniter\Database\MySQLi\Connection->connect(false)
#1 C:\xampp\htdocs\Disertus\system\Database\BaseConnection.php(574): CodeIgniter\Database\BaseConnection->initialize()
#2 C:\xampp\htdocs\Disertus\app\Models\sessionModelo.php(20): CodeIgniter\Database\BaseConnection->query('SELECT Expiraci...')
#3 C:\xampp\htdocs\Disertus\app\Controllers\utils.php(16): App\Models\SessionModelo->fechaExpiracion('nhLl1uovD5CG?Ml...')
#4 C:\xampp\htdocs\Disertus\app\Controllers\estadisticas.php(12): App\Controllers\Utils->token()
#5 C:\xampp\htdocs\Disertus\system\CodeIgniter.php(934): App\Controllers\Estadisticas->cargarEst()
#6 C:\xampp\htdocs\Disertus\system\CodeIgniter.php(499): CodeIgniter\CodeIgniter->runController(Object(App\Controllers\Estadisticas))
#7 C:\xampp\htdocs\Disertus\system\CodeIgniter.php(368): CodeIgniter\CodeIgniter->handleRequest(NULL, Object(Config\Cache), false)
#8 C:\xampp\htdocs\Disertus\public\index.php(67): CodeIgniter\CodeIgniter->run()
#9 {main}
CRITICAL - 2023-11-08 21:48:41 --> Unable to connect to the database.
Main connection [MySQLi]: No se puede establecer una conexión ya que el equipo de destino denegó expresamente dicha conexión
in SYSTEMPATH\Database\BaseConnection.php on line 427.
 1 SYSTEMPATH\Database\BaseConnection.php(574): CodeIgniter\Database\BaseConnection->initialize()
 2 APPPATH\Models\sessionModelo.php(20): CodeIgniter\Database\BaseConnection->query('SELECT Expiracion FROM session WHERE Token = \'nhLl1uovD5CG?Ml$9eSF)bnMx)Fk8/Na3rmllTIQuFF1CosdLn\'')
 3 APPPATH\Controllers\utils.php(16): App\Models\SessionModelo->fechaExpiracion('nhLl1uovD5CG?Ml$9eSF)bnMx)Fk8/Na3rmllTIQuFF1CosdLn')
 4 APPPATH\Controllers\estadisticas.php(12): App\Controllers\Utils->token()
 5 SYSTEMPATH\CodeIgniter.php(934): App\Controllers\Estadisticas->cargarEst()
 6 SYSTEMPATH\CodeIgniter.php(499): CodeIgniter\CodeIgniter->runController(Object(App\Controllers\Estadisticas))
 7 SYSTEMPATH\CodeIgniter.php(368): CodeIgniter\CodeIgniter->handleRequest(null, Object(Config\Cache), false)
 8 FCPATH\index.php(67): CodeIgniter\CodeIgniter->run()
INFO - 2023-11-08 21:48:54 --> Session: Class initialized using 'CodeIgniter\Session\Handlers\FileHandler' driver.
INFO - 2023-11-08 21:48:56 --> Session: Class initialized using 'CodeIgniter\Session\Handlers\FileHandler' driver.
INFO - 2023-11-08 21:50:05 --> Session: Class initialized using 'CodeIgniter\Session\Handlers\FileHandler' driver.
INFO - 2023-11-08 21:50:08 --> Session: Class initialized using 'CodeIgniter\Session\Handlers\FileHandler' driver.
